<?xml version="1.0" encoding="UTF-8"?>
<!-- Generated by org.testng.reporters.JUnitReportReporter -->
<testsuite hostname="ThinkPad" failures="0" tests="2" name="TestngBasics.Test1" time="0.017" errors="0" timestamp="2023-08-07T18:37:15 PDT" skipped="0">
  <testcase classname="TestngBasics.Test1" name="method5" time="0.004"/>
  <testcase classname="TestngBasics.Test1" name="method8" time="0.013"/>
</testsuite> <!-- TestngBasics.Test1 -->
