<?xml version="1.0" encoding="UTF-8"?>
<!-- Generated by org.testng.reporters.JUnitReportReporter -->
<testsuite hostname="ThinkPad" failures="0" tests="1" name="TestngBasics.GroupsInTestNG" time="0.022" errors="0" timestamp="2023-08-11T11:10:07 PDT" skipped="0">
  <testcase classname="TestngBasics.GroupsInTestNG" name="method1" time="0.022"/>
</testsuite> <!-- TestngBasics.GroupsInTestNG -->
