<?xml version="1.0" encoding="UTF-8"?>
<!-- Generated by org.testng.reporters.JUnitReportReporter -->
<testsuite hostname="ThinkPad" failures="0" tests="12" name="TestngBasics.DataProvidersInTestNG" time="0.063" errors="0" timestamp="2023-08-11T18:29:28 PDT" skipped="0">
  <testcase classname="TestngBasics.DataProvidersInTestNG" name="method2" time="0.003"/>
  <testcase classname="TestngBasics.DataProvidersInTestNG" name="method1" time="0.005"/>
  <testcase classname="TestngBasics.DataProvidersInTestNG" name="method2" time="0.003"/>
  <testcase classname="TestngBasics.DataProvidersInTestNG" name="method2" time="0.004"/>
  <testcase classname="TestngBasics.DataProvidersInTestNG" name="method2" time="0.003"/>
  <testcase classname="TestngBasics.DataProvidersInTestNG" name="method2" time="0.003"/>
  <testcase classname="TestngBasics.DataProvidersInTestNG" name="method2" time="0.007"/>
  <testcase classname="TestngBasics.DataProvidersInTestNG" name="method2" time="0.008"/>
  <testcase classname="TestngBasics.DataProvidersInTestNG" name="method2" time="0.004"/>
  <testcase classname="TestngBasics.DataProvidersInTestNG" name="method2" time="0.005"/>
  <testcase classname="TestngBasics.DataProvidersInTestNG" name="method1" time="0.013"/>
  <testcase classname="TestngBasics.DataProvidersInTestNG" name="method2" time="0.005"/>
</testsuite> <!-- TestngBasics.DataProvidersInTestNG -->
