<?xml version="1.0" encoding="UTF-8"?>
<!-- Generated by org.testng.reporters.JUnitReportReporter -->
<testsuite hostname="ThinkPad" failures="0" tests="3" name="TestngBasics.ParameteraizationInTestNG" time="0.015" errors="0" timestamp="2023-08-11T11:37:59 PDT" skipped="0">
  <testcase classname="TestngBasics.ParameteraizationInTestNG" name="method2" time="0.006"/>
  <testcase classname="TestngBasics.ParameteraizationInTestNG" name="method1" time="0.003"/>
  <testcase classname="TestngBasics.ParameteraizationInTestNG" name="method3" time="0.006"/>
</testsuite> <!-- TestngBasics.ParameteraizationInTestNG -->
