<?xml version="1.0" encoding="UTF-8"?>
<!-- Generated by org.testng.reporters.JUnitReportReporter -->
<testsuite hostname="ThinkPad" failures="0" tests="3" name="Demo.Test2" time="0.022" errors="0" timestamp="2023-08-11T11:37:59 PDT" skipped="0">
  <testcase classname="Demo.Test2" name="method1" time="0.018"/>
  <testcase classname="Demo.Test2" name="method3" time="0.002"/>
  <testcase classname="Demo.Test2" name="method2" time="0.002"/>
</testsuite> <!-- Demo.Test2 -->
