<?xml version="1.0" encoding="UTF-8"?>
<!-- Generated by org.testng.reporters.JUnitReportReporter -->
<testsuite hostname="ThinkPad" failures="0" tests="6" name="TestngBasics.PrioritiesInTestNG" time="0.036" errors="0" timestamp="2023-08-11T09:37:45 PDT" skipped="0">
  <testcase classname="TestngBasics.PrioritiesInTestNG" name="method6" time="0.020"/>
  <testcase classname="TestngBasics.PrioritiesInTestNG" name="method3" time="0.002"/>
  <testcase classname="TestngBasics.PrioritiesInTestNG" name="method5" time="0.002"/>
  <testcase classname="TestngBasics.PrioritiesInTestNG" name="method2" time="0.003"/>
  <testcase classname="TestngBasics.PrioritiesInTestNG" name="method1" time="0.003"/>
  <testcase classname="TestngBasics.PrioritiesInTestNG" name="method4" time="0.006"/>
</testsuite> <!-- TestngBasics.PrioritiesInTestNG -->
